<?xml version="1.0" encoding="UTF-8"?>
<!-- Generated by org.testng.reporters.JUnitReportReporter -->
<testsuite hostname="DESKTOP-I2TR69D" failures="0" tests="1" name="demomvn.Scriptmvn1" time="8.947" errors="0" timestamp="2024-12-14T11:40:43 IST" skipped="0">
  <testcase classname="demomvn.Scriptmvn1" name="run" time="8.947"/>
</testsuite> <!-- demomvn.Scriptmvn1 -->
